2026-03-04T10:05:03.019+01:00  INFO 33924 --- [product-service] [main] c.j.e.product.ProductApplication         : Starting ProductApplication using Java 21.0.8 with PID 33924 (C:\Vlada\MicroservicesEmbarkXKurs\Workspace\ecom-microservices\product\build\classes\java\main started by EQ659NX in C:\Vlada\MicroservicesEmbarkXKurs\Workspace\ecom-microservices)
2026-03-04T10:05:03.056+01:00  INFO 33924 --- [product-service] [main] c.j.e.product.ProductApplication         : No active profile set, falling back to 1 default profile: "default"
2026-03-04T10:05:03.327+01:00  INFO 33924 --- [product-service] [main] o.s.c.c.c.ConfigServerConfigDataLoader   : Fetching config from server at : http://localhost:8888
2026-03-04T10:05:03.329+01:00  INFO 33924 --- [product-service] [main] o.s.c.c.c.ConfigServerConfigDataLoader   : Located environment: name=product-service, profiles=[default], label=null, version=null, state=null
2026-03-04T10:05:05.751+01:00  INFO 33924 --- [product-service] [main] .s.d.r.c.RepositoryConfigurationDelegate : Bootstrapping Spring Data JPA repositories in DEFAULT mode.
2026-03-04T10:05:06.080+01:00  INFO 33924 --- [product-service] [main] .s.d.r.c.RepositoryConfigurationDelegate : Finished Spring Data repository scanning in 308 ms. Found 1 JPA repository interface.
2026-03-04T10:05:07.037+01:00  INFO 33924 --- [product-service] [main] o.s.cloud.context.scope.GenericScope     : BeanFactory id=508b9ea0-6588-3cd1-9665-170291809b35
2026-03-04T10:05:09.011+01:00  INFO 33924 --- [product-service] [main] o.s.boot.tomcat.TomcatWebServer          : Tomcat initialized with port 8081 (http)
2026-03-04T10:05:09.144+01:00  INFO 33924 --- [product-service] [main] o.apache.catalina.core.StandardService   : Starting service [Tomcat]
2026-03-04T10:05:09.145+01:00  INFO 33924 --- [product-service] [main] o.apache.catalina.core.StandardEngine    : Starting Servlet engine: [Apache Tomcat/11.0.15]
2026-03-04T10:05:09.756+01:00  INFO 33924 --- [product-service] [main] b.w.c.s.WebApplicationContextInitializer : Root WebApplicationContext: initialization completed in 6396 ms
2026-03-04T10:05:10.882+01:00  INFO 33924 --- [product-service] [main] org.hibernate.orm.jpa                    : HHH008540: Processing PersistenceUnitInfo [name: default]
2026-03-04T10:05:11.053+01:00  INFO 33924 --- [product-service] [main] org.hibernate.orm.core                   : HHH000001: Hibernate ORM core version 7.2.1.Final
2026-03-04T10:05:12.527+01:00  INFO 33924 --- [product-service] [main] o.s.o.j.p.SpringPersistenceUnitInfo      : No LoadTimeWeaver setup: ignoring JPA class transformer
2026-03-04T10:05:12.685+01:00  INFO 33924 --- [product-service] [main] com.zaxxer.hikari.HikariDataSource       : HikariPool-1 - Starting...
2026-03-04T10:05:13.115+01:00  INFO 33924 --- [product-service] [main] com.zaxxer.hikari.pool.HikariPool        : HikariPool-1 - Added connection org.postgresql.jdbc.PgConnection@57df93c1
2026-03-04T10:05:13.117+01:00  INFO 33924 --- [product-service] [main] com.zaxxer.hikari.HikariDataSource       : HikariPool-1 - Start completed.
2026-03-04T10:05:13.209+01:00  WARN 33924 --- [product-service] [main] org.hibernate.orm.deprecation            : HHH90000025: PostgreSQLDialect does not need to be specified explicitly using 'hibernate.dialect' (remove the property setting and it will be selected by default)
2026-03-04T10:05:13.274+01:00  INFO 33924 --- [product-service] [main] org.hibernate.orm.connections.pooling    : HHH10001005: Database info:
	Database JDBC URL [jdbc:postgresql://localhost:5432/product]
	Database driver: PostgreSQL JDBC Driver
	Database dialect: PostgreSQLDialect
	Database version: 17.8
	Default catalog/schema: product/public
	Autocommit mode: undefined/unknown
	Isolation level: READ_COMMITTED [default READ_COMMITTED]
	JDBC fetch size: none
	Pool: DataSourceConnectionProvider
	Minimum pool size: undefined/unknown
	Maximum pool size: undefined/unknown
2026-03-04T10:05:15.444+01:00  INFO 33924 --- [product-service] [main] org.hibernate.orm.core                   : HHH000489: No JTA platform available (set 'hibernate.transaction.jta.platform' to enable JTA platform integration)
2026-03-04T10:05:15.733+01:00  INFO 33924 --- [product-service] [main] j.LocalContainerEntityManagerFactoryBean : Initialized JPA EntityManagerFactory for persistence unit 'default'
2026-03-04T10:05:15.886+01:00  INFO 33924 --- [product-service] [main] o.s.d.j.r.query.QueryEnhancerFactories   : Hibernate is in classpath; If applicable, HQL parser will be used.
2026-03-04T10:05:18.104+01:00  WARN 33924 --- [product-service] [main] JpaBaseConfiguration$JpaWebConfiguration : spring.jpa.open-in-view is enabled by default. Therefore, database queries may be performed during view rendering. Explicitly configure spring.jpa.open-in-view to disable this warning
2026-03-04T10:05:20.884+01:00  INFO 33924 --- [product-service] [main] DiscoveryClientOptionalArgsConfiguration : Eureka HTTP Client uses RestClient.
2026-03-04T10:05:20.977+01:00  WARN 33924 --- [product-service] [main] iguration$LoadBalancerCaffeineWarnLogger : Spring Cloud LoadBalancer is currently working with the default cache. While this cache implementation is useful for development and tests, it's recommended to use Caffeine cache in production.You can switch to using Caffeine cache, by adding it and org.springframework.cache.caffeine.CaffeineCacheManager to the classpath.
2026-03-04T10:05:21.004+01:00  INFO 33924 --- [product-service] [main] o.s.b.a.e.web.EndpointLinksResolver      : Exposing 1 endpoint beneath base path '/actuator'
2026-03-04T10:05:21.125+01:00  INFO 33924 --- [product-service] [main] o.s.c.n.eureka.InstanceInfoFactory       : Setting initial instance status as: STARTING
2026-03-04T10:05:21.180+01:00  INFO 33924 --- [product-service] [main] com.netflix.discovery.DiscoveryClient    : Initializing Eureka in region us-east-1
2026-03-04T10:05:21.188+01:00  INFO 33924 --- [product-service] [main] c.n.d.s.r.aws.ConfigClusterResolver      : Resolving eureka endpoints via configuration
2026-03-04T10:05:21.205+01:00  INFO 33924 --- [product-service] [main] com.netflix.discovery.DiscoveryClient    : Disable delta property : false
2026-03-04T10:05:21.206+01:00  INFO 33924 --- [product-service] [main] com.netflix.discovery.DiscoveryClient    : Single vip registry refresh property : null
2026-03-04T10:05:21.206+01:00  INFO 33924 --- [product-service] [main] com.netflix.discovery.DiscoveryClient    : Force full registry fetch : false
2026-03-04T10:05:21.207+01:00  INFO 33924 --- [product-service] [main] com.netflix.discovery.DiscoveryClient    : Application is null : false
2026-03-04T10:05:21.207+01:00  INFO 33924 --- [product-service] [main] com.netflix.discovery.DiscoveryClient    : Registered Applications size is zero : true
2026-03-04T10:05:21.207+01:00  INFO 33924 --- [product-service] [main] com.netflix.discovery.DiscoveryClient    : Application version is -1: true
2026-03-04T10:05:21.207+01:00  INFO 33924 --- [product-service] [main] com.netflix.discovery.DiscoveryClient    : Getting all instance registry info from the eureka server
2026-03-04T10:05:21.753+01:00  INFO 33924 --- [product-service] [main] com.netflix.discovery.DiscoveryClient    : The response status is 200
2026-03-04T10:05:21.755+01:00  INFO 33924 --- [product-service] [main] com.netflix.discovery.DiscoveryClient    : Starting heartbeat executor: renew interval is: 30
2026-03-04T10:05:21.759+01:00  INFO 33924 --- [product-service] [main] c.n.discovery.InstanceInfoReplicator     : InstanceInfoReplicator onDemand update allowed rate per min is 4
2026-03-04T10:05:21.763+01:00  INFO 33924 --- [product-service] [main] com.netflix.discovery.DiscoveryClient    : Discovery Client initialized at timestamp 1772615121761 with initial instances count: 0
2026-03-04T10:05:21.772+01:00  INFO 33924 --- [product-service] [main] o.s.c.n.e.s.EurekaServiceRegistry        : Registering application PRODUCT-SERVICE with eureka with status UP
2026-03-04T10:05:21.773+01:00  INFO 33924 --- [product-service] [main] com.netflix.discovery.DiscoveryClient    : Saw local status change event StatusChangeEvent [timestamp=1772615121773, current=UP, previous=STARTING]
2026-03-04T10:05:21.777+01:00  INFO 33924 --- [product-service] [DiscoveryClient-InstanceInfoReplicator-%d] com.netflix.discovery.DiscoveryClient    : DiscoveryClient_PRODUCT-SERVICE/XWR9142MB6.ey.net:product-service:8081: registering service...
2026-03-04T10:05:21.818+01:00  INFO 33924 --- [product-service] [main] o.s.boot.tomcat.TomcatWebServer          : Tomcat started on port 8081 (http) with context path '/'
2026-03-04T10:05:21.821+01:00  INFO 33924 --- [product-service] [main] .s.c.n.e.s.EurekaAutoServiceRegistration : Updating port to 8081
2026-03-04T10:05:21.855+01:00  INFO 33924 --- [product-service] [main] c.j.e.product.ProductApplication         : Started ProductApplication in 21.521 seconds (process running for 26.432)
2026-03-04T10:05:21.889+01:00  INFO 33924 --- [product-service] [DiscoveryClient-InstanceInfoReplicator-%d] com.netflix.discovery.DiscoveryClient    : DiscoveryClient_PRODUCT-SERVICE/XWR9142MB6.ey.net:product-service:8081 - registration status: 204
2026-03-04T10:05:51.760+01:00  INFO 33924 --- [product-service] [DiscoveryClient-CacheRefreshExecutor-%d] com.netflix.discovery.DiscoveryClient    : Disable delta property : false
2026-03-04T10:05:51.760+01:00  INFO 33924 --- [product-service] [DiscoveryClient-CacheRefreshExecutor-%d] com.netflix.discovery.DiscoveryClient    : Single vip registry refresh property : null
2026-03-04T10:05:51.760+01:00  INFO 33924 --- [product-service] [DiscoveryClient-CacheRefreshExecutor-%d] com.netflix.discovery.DiscoveryClient    : Force full registry fetch : false
2026-03-04T10:05:51.760+01:00  INFO 33924 --- [product-service] [DiscoveryClient-CacheRefreshExecutor-%d] com.netflix.discovery.DiscoveryClient    : Application is null : false
2026-03-04T10:05:51.761+01:00  INFO 33924 --- [product-service] [DiscoveryClient-CacheRefreshExecutor-%d] com.netflix.discovery.DiscoveryClient    : Registered Applications size is zero : true
2026-03-04T10:05:51.761+01:00  INFO 33924 --- [product-service] [DiscoveryClient-CacheRefreshExecutor-%d] com.netflix.discovery.DiscoveryClient    : Application version is -1: false
2026-03-04T10:05:51.761+01:00  INFO 33924 --- [product-service] [DiscoveryClient-CacheRefreshExecutor-%d] com.netflix.discovery.DiscoveryClient    : Getting all instance registry info from the eureka server
2026-03-04T10:05:51.803+01:00  INFO 33924 --- [product-service] [DiscoveryClient-CacheRefreshExecutor-%d] com.netflix.discovery.DiscoveryClient    : The response status is 200
2026-03-04T10:10:21.219+01:00  INFO 33924 --- [product-service] [AsyncResolver-bootstrap-executor-%d] c.n.d.s.r.aws.ConfigClusterResolver      : Resolving eureka endpoints via configuration
2026-03-04T10:15:21.240+01:00  INFO 33924 --- [product-service] [AsyncResolver-bootstrap-executor-%d] c.n.d.s.r.aws.ConfigClusterResolver      : Resolving eureka endpoints via configuration
